<?xml version="1.0" encoding="UTF-8"?>
<testsuite xmlns:xsi="http://www.w3.org/2001/XMLSchema-instance" xsi:noNamespaceSchemaLocation="https://maven.apache.org/surefire/maven-surefire-plugin/xsd/surefire-test-report.xsd" name="TestSuite" time="22.313" tests="4" errors="0" skipped="0" failures="1">
  <properties>
[...]
</properties>
  <testcase name="failedLoginWithInvalidUserNameAndInvalidUserPassword" classname="testCases.loginPageTestCases.LoginPageTestCases" time="4.434"/>
  <testcase name="failedLoginWithInvalidUserNameAndValidUserPassword" classname="testCases.loginPageTestCases.LoginPageTestCases" time="2.847"/>
  <testcase name="failedLoginWithInvalidUserPasswordAndValidUserName" classname="testCases.loginPageTestCases.LoginPageTestCases" time="2.666">
    <failure message="Login should have failed but ended successfully..! expected [E-mail address or password is incorrect. Please check your information and try again.] but found [E-mail address or password is incorrect. Please check your information and try again]" type="java.lang.AssertionError">java.lang.AssertionError: Login should have failed but ended successfully..! expected [E-mail address or password is incorrect. Please check your information and try again.] but found [E-mail address or password is incorrect. Please check your information and try again]
	at testCases.loginPageTestCases.LoginPageTestCases.failedLoginWithInvalidUserPasswordAndValidUserName(LoginPageTestCases.java:64)
</failure>
    <system-out><![CDATA[2022-02-24 12:05:44 INFO  Log:23 - Test case was successfully finished: failedLoginWithInvalidUserNameAndValidUserPassword
2022-02-24 12:05:44 INFO  Log:23 - Test case is starting: failedLoginWithInvalidUserPasswordAndValidUserName
]]></system-out>
  </testcase>
  <testcase name="successfulLogin" classname="testCases.loginPageTestCases.LoginPageTestCases" time="3.731"/>
</testsuite>