<?xml version="1.0" encoding="UTF-8"?>
<!-- Generated by org.testng.reporters.JUnitXMLReporter -->
<testsuite hostname="DESKTOP-GEEQ38M" ignored="0" name="TestiniumCaseChrome" tests="4" failures="1" timestamp="2022-02-24T12:05:51 EET" time="21.073" errors="0">
  <testcase name="failedLoginWithInvalidUserNameAndInvalidUserPassword" time="4.374" classname="testCases.loginPageTestCases.LoginPageTestCases"/>
  <testcase name="failedLoginWithInvalidUserNameAndValidUserPassword" time="2.837" classname="testCases.loginPageTestCases.LoginPageTestCases"/>
  <testcase name="failedLoginWithInvalidUserPasswordAndValidUserName" time="2.658" classname="testCases.loginPageTestCases.LoginPageTestCases">
    <failure type="java.lang.AssertionError" message="Login should have failed but ended successfully..! expected [E-mail address or password is incorrect. Please check your information and try again.] but found [E-mail address or password is incorrect. Please check your information and try again]">
      <![CDATA[java.lang.AssertionError: Login should have failed but ended successfully..! expected [E-mail address or password is incorrect. Please check your information and try again.] but found [E-mail address or password is incorrect. Please check your information and try again]
at testCases.loginPageTestCases.LoginPageTestCases.failedLoginWithInvalidUserPasswordAndValidUserName(LoginPageTestCases.java:64)
at java.util.ArrayList.forEach(ArrayList.java:1259)
... Removed 35 stack frames]]>
    </failure>
  </testcase> <!-- failedLoginWithInvalidUserPasswordAndValidUserName -->
  <testcase name="successfulLogin" time="3.729" classname="testCases.loginPageTestCases.LoginPageTestCases"/>
</testsuite> <!-- TestiniumCaseChrome -->
